<?xml version="1.0" encoding="UTF-8"?>
<testsuites name="Suite_catch" time="66" tests="4" failures="1" errors="0">
   <testsuite name="Suite_catch" tests="4" failures="1" errors="0" time="66" timestamp="2018-09-20 13:15:24" hostname="stagiaire - WINIB-PPSA45UJK" id="Test Suites/Suite_catch">
      <properties>
         <property name="deviceName" value=""/>
         <property name="devicePlatform" value=""/>
         <property name="logFolder" value="C:\\Users\\stagiaire\\git\\Katalon-googleTest\\Reports\\Suite_catch\\20180920_131518"/>
         <property name="logFiles" value="C:\\Users\\stagiaire\\git\\Katalon-googleTest\\Reports\\Suite_catch\\20180920_131518\\execution0.log"/>
         <property name="attachments" value="C:\\Users\\stagiaire\\git\\Katalon-googleTest\\Reports\\Suite_catch\\20180920_131518\\1537442171782.png, C:\\Users\\stagiaire\\git\\Katalon-googleTest\\Reports\\Suite_catch\\20180920_131518\\1537442172204.png"/>
         <property name="hostName" value="stagiaire - WINIB-PPSA45UJK"/>
         <property name="os" value="Windows 10 64bit"/>
         <property name="katalonVersion" value="5.7.1.1"/>
         <property name="browser" value="Chrome 69.0.3497.100"/>
         <property name="hostAddress" value="192.168.56.1"/>
         <property name="sessionId" value="5d47655406f5d8f73736ad06699e5a65"/>
         <property name="seleniumVersion" value="3.7.1"/>
         <property name="proxyInformation" value="ProxyInformation{proxyOption=NO_PROXY, proxyServerType=HTTP, password=, proxyServerAddress=, proxyServerPort=0}"/>
         <property name="platform" value="Windows 10"/>
      </properties>
      <testcase name="Test Cases/testGoogle-catchexception" classname="Test Cases/testGoogle-catchexception" status="PASSED">
         <system-out><![CDATA[2018-09-20 13:15:24 - [TEST_CASE][PASSED] - Test Cases/testGoogle-catchexception: Test Cases/testGoogle-catchexception

2018-09-20 13:15:24 - [TEST_STEP][PASSED] - openBrowser: Browser is opened with url: ''

2018-09-20 13:15:28 - [MESSAGE][PASSED] - Browser is opened with url: ''

2018-09-20 13:15:28 - [TEST_STEP][PASSED] - navigateToUrl: Navigate to 'https://www.google.fr/' successfully

2018-09-20 13:15:29 - [MESSAGE][PASSED] - Navigate to 'https://www.google.fr/' successfully

2018-09-20 13:15:29 - [TEST_STEP][PASSED] - setText: Text 'France' is set on object 'Object Repository/Page_Google/input_TextSearch'

2018-09-20 13:15:29 - [MESSAGE][PASSED] - Text 'France' is set on object 'Object Repository/Page_Google/input_TextSearch'

2018-09-20 13:15:29 - [TEST_STEP][PASSED] - Statement - Try: Object: 'Object Repository/Page_Google/button_Search_Drop' is clicked on

2018-09-20 13:15:29 - [TEST_STEP][PASSED] - click: Object: 'Object Repository/Page_Google/button_Search_Drop' is clicked on

2018-09-20 13:15:31 - [MESSAGE][PASSED] - Object: 'Object Repository/Page_Google/button_Search_Drop' is clicked on

2018-09-20 13:15:31 - [TEST_STEP][PASSED] - verifyElementText: Actual text and expected text of test object 'Object Repository/Page_SearchResults/Result1' are matched.

2018-09-20 13:15:31 - [MESSAGE][PASSED] - Actual text and expected text of test object 'Object Repository/Page_SearchResults/Result1' are matched.

2018-09-20 13:15:31 - [TEST_STEP][PASSED] - closeBrowser: Browser is closed

2018-09-20 13:15:32 - [MESSAGE][PASSED] - Browser is closed]]></system-out>
         <system-err><![CDATA[]]></system-err>
      </testcase>
      <testcase name="Test Cases/testGoogle-catchexception" classname="Test Cases/testGoogle-catchexception" status="FAILED">
         <failure type="FAILED" message="(Stack trace: com.kms.katalon.core.exception.StepFailedException: Verify element text of test object 'Object Repository/Page_SearchResults/Result1' FAILED. (Root cause: com.kms.katalon.core.webui.exception.WebElementNotFoundException: Web element with id: 'Object Repository/Page_SearchResults/Result1' located by 'By.xpath: id(&quot;rso&quot;)/div[@class=&quot;bkWMgd&quot;]/div[@class=&quot;g&quot;]/div[1]/div[@class=&quot;rc&quot;]/h3[@class=&quot;r&quot;]/a[1]' not found)
	at com.kms.katalon.core.keyword.internal.KeywordMain.stepFailed(KeywordMain.groovy:36)
	at com.kms.katalon.core.webui.keyword.internal.WebUIKeywordMain.stepFailed(WebUIKeywordMain.groovy:65)
	at com.kms.katalon.core.webui.keyword.internal.WebUIKeywordMain.runKeyword(WebUIKeywordMain.groovy:27)
	at com.kms.katalon.core.webui.keyword.builtin.VerifyElementTextKeyword.verifyElementText(VerifyElementTextKeyword.groovy:72)
	at com.kms.katalon.core.webui.keyword.builtin.VerifyElementTextKeyword.execute(VerifyElementTextKeyword.groovy:40)
	at com.kms.katalon.core.keyword.internal.KeywordExecutor.executeKeywordForPlatform(KeywordExecutor.groovy:53)
	at com.kms.katalon.core.webui.keyword.WebUiBuiltInKeywords.verifyElementText(WebUiBuiltInKeywords.groovy:3663)
	at com.kms.katalon.core.webui.keyword.WebUiBuiltInKeywords$verifyElementText$3.call(Unknown Source)
	at Script1537441403346.run(Script1537441403346.groovy:34)
	at com.kms.katalon.core.main.ScriptEngine.run(ScriptEngine.java:183)
	at com.kms.katalon.core.main.ScriptEngine.runScriptAsRawText(ScriptEngine.java:108)
	at com.kms.katalon.core.main.TestCaseExecutor.runScript(TestCaseExecutor.java:294)
	at com.kms.katalon.core.main.TestCaseExecutor.doExecute(TestCaseExecutor.java:285)
	at com.kms.katalon.core.main.TestCaseExecutor.processExecutionPhase(TestCaseExecutor.java:264)
	at com.kms.katalon.core.main.TestCaseExecutor.accessMainPhase(TestCaseExecutor.java:256)
	at com.kms.katalon.core.main.TestCaseExecutor.execute(TestCaseExecutor.java:200)
	at com.kms.katalon.core.main.TestSuiteExecutor.accessTestCaseMainPhase(TestSuiteExecutor.java:129)
	at com.kms.katalon.core.main.TestSuiteExecutor.accessTestSuiteMainPhase(TestSuiteExecutor.java:112)
	at com.kms.katalon.core.main.TestSuiteExecutor.execute(TestSuiteExecutor.java:81)
	at com.kms.katalon.core.main.TestCaseMain.startTestSuite(TestCaseMain.java:142)
	at com.kms.katalon.core.main.TestCaseMain$startTestSuite$0.call(Unknown Source)
	at org.codehaus.groovy.runtime.callsite.CallSiteArray.defaultCall(CallSiteArray.java:48)
	at org.codehaus.groovy.runtime.callsite.AbstractCallSite.call(AbstractCallSite.java:113)
	at org.codehaus.groovy.runtime.callsite.AbstractCallSite.call(AbstractCallSite.java:141)
	at TempTestSuite1537442123117.run(TempTestSuite1537442123117.groovy:36)
	at groovy.lang.GroovyShell.runScriptOrMainOrTestOrRunnable(GroovyShell.java:263)
	at groovy.lang.GroovyShell.run(GroovyShell.java:518)
	at groovy.lang.GroovyShell.run(GroovyShell.java:507)
	at groovy.ui.GroovyMain.processOnce(GroovyMain.java:653)
	at groovy.ui.GroovyMain.run(GroovyMain.java:384)
	at groovy.ui.GroovyMain.process(GroovyMain.java:370)
	at groovy.ui.GroovyMain.processArgs(GroovyMain.java:129)
	at groovy.ui.GroovyMain.main(GroovyMain.java:109)
	at sun.reflect.NativeMethodAccessorImpl.invoke0(Native Method)
	at sun.reflect.NativeMethodAccessorImpl.invoke(NativeMethodAccessorImpl.java:62)
	at sun.reflect.DelegatingMethodAccessorImpl.invoke(DelegatingMethodAccessorImpl.java:43)
	at java.lang.reflect.Method.invoke(Method.java:498)
	at org.codehaus.groovy.tools.GroovyStarter.rootLoader(GroovyStarter.java:109)
	at org.codehaus.groovy.tools.GroovyStarter.main(GroovyStarter.java:131)
)"/>
         <system-out><![CDATA[2018-09-20 13:15:32 - [TEST_CASE][FAILED] - Test Cases/testGoogle-catchexception: Test Cases/testGoogle-catchexception FAILED because (of) (Stack trace: com.kms.katalon.core.exception.StepFailedException: Verify element text of test object 'Object Repository/Page_SearchResults/Result1' FAILED. (Root cause: com.kms.katalon.core.webui.exception.WebElementNotFoundException: Web element with id: 'Object Repository/Page_SearchResults/Result1' located by 'By.xpath: id("rso")/div[@class="bkWMgd"]/div[@class="g"]/div[1]/div[@class="rc"]/h3[@class="r"]/a[1]' not found)
	at com.kms.katalon.core.keyword.internal.KeywordMain.stepFailed(KeywordMain.groovy:36)
	at com.kms.katalon.core.webui.keyword.internal.WebUIKeywordMain.stepFailed(WebUIKeywordMain.groovy:65)
	at com.kms.katalon.core.webui.keyword.internal.WebUIKeywordMain.runKeyword(WebUIKeywordMain.groovy:27)
	at com.kms.katalon.core.webui.keyword.builtin.VerifyElementTextKeyword.verifyElementText(VerifyElementTextKeyword.groovy:72)
	at com.kms.katalon.core.webui.keyword.builtin.VerifyElementTextKeyword.execute(VerifyElementTextKeyword.groovy:40)
	at com.kms.katalon.core.keyword.internal.KeywordExecutor.executeKeywordForPlatform(KeywordExecutor.groovy:53)
	at com.kms.katalon.core.webui.keyword.WebUiBuiltInKeywords.verifyElementText(WebUiBuiltInKeywords.groovy:3663)
	at com.kms.katalon.core.webui.keyword.WebUiBuiltInKeywords$verifyElementText$3.call(Unknown Source)
	at Script1537441403346.run(Script1537441403346.groovy:34)
	at com.kms.katalon.core.main.ScriptEngine.run(ScriptEngine.java:183)
	at com.kms.katalon.core.main.ScriptEngine.runScriptAsRawText(ScriptEngine.java:108)
	at com.kms.katalon.core.main.TestCaseExecutor.runScript(TestCaseExecutor.java:294)
	at com.kms.katalon.core.main.TestCaseExecutor.doExecute(TestCaseExecutor.java:285)
	at com.kms.katalon.core.main.TestCaseExecutor.processExecutionPhase(TestCaseExecutor.java:264)
	at com.kms.katalon.core.main.TestCaseExecutor.accessMainPhase(TestCaseExecutor.java:256)
	at com.kms.katalon.core.main.TestCaseExecutor.execute(TestCaseExecutor.java:200)
	at com.kms.katalon.core.main.TestSuiteExecutor.accessTestCaseMainPhase(TestSuiteExecutor.java:129)
	at com.kms.katalon.core.main.TestSuiteExecutor.accessTestSuiteMainPhase(TestSuiteExecutor.java:112)
	at com.kms.katalon.core.main.TestSuiteExecutor.execute(TestSuiteExecutor.java:81)
	at com.kms.katalon.core.main.TestCaseMain.startTestSuite(TestCaseMain.java:142)
	at com.kms.katalon.core.main.TestCaseMain$startTestSuite$0.call(Unknown Source)
	at org.codehaus.groovy.runtime.callsite.CallSiteArray.defaultCall(CallSiteArray.java:48)
	at org.codehaus.groovy.runtime.callsite.AbstractCallSite.call(AbstractCallSite.java:113)
	at org.codehaus.groovy.runtime.callsite.AbstractCallSite.call(AbstractCallSite.java:141)
	at TempTestSuite1537442123117.run(TempTestSuite1537442123117.groovy:36)
	at groovy.lang.GroovyShell.runScriptOrMainOrTestOrRunnable(GroovyShell.java:263)
	at groovy.lang.GroovyShell.run(GroovyShell.java:518)
	at groovy.lang.GroovyShell.run(GroovyShell.java:507)
	at groovy.ui.GroovyMain.processOnce(GroovyMain.java:653)
	at groovy.ui.GroovyMain.run(GroovyMain.java:384)
	at groovy.ui.GroovyMain.process(GroovyMain.java:370)
	at groovy.ui.GroovyMain.processArgs(GroovyMain.java:129)
	at groovy.ui.GroovyMain.main(GroovyMain.java:109)
	at sun.reflect.NativeMethodAccessorImpl.invoke0(Native Method)
	at sun.reflect.NativeMethodAccessorImpl.invoke(NativeMethodAccessorImpl.java:62)
	at sun.reflect.DelegatingMethodAccessorImpl.invoke(DelegatingMethodAccessorImpl.java:43)
	at java.lang.reflect.Method.invoke(Method.java:498)
	at org.codehaus.groovy.tools.GroovyStarter.rootLoader(GroovyStarter.java:109)
	at org.codehaus.groovy.tools.GroovyStarter.main(GroovyStarter.java:131)
)

2018-09-20 13:15:32 - [TEST_STEP][PASSED] - openBrowser: Browser is opened with url: ''

2018-09-20 13:15:34 - [MESSAGE][PASSED] - Browser is opened with url: ''

2018-09-20 13:15:34 - [TEST_STEP][PASSED] - navigateToUrl: Navigate to 'https://www.google.fr/' successfully

2018-09-20 13:15:35 - [MESSAGE][PASSED] - Navigate to 'https://www.google.fr/' successfully

2018-09-20 13:15:35 - [TEST_STEP][PASSED] - setText: Text 'France' is set on object 'Object Repository/Page_Google/input_TextSearch'

2018-09-20 13:15:35 - [MESSAGE][PASSED] - Text 'France' is set on object 'Object Repository/Page_Google/input_TextSearch'

2018-09-20 13:15:35 - [TEST_STEP][PASSED] - Statement - Try: Object: 'Object Repository/Page_Google/button_Search_Drop' is clicked on

2018-09-20 13:15:35 - [TEST_STEP][PASSED] - click: Object: 'Object Repository/Page_Google/button_Search_Drop' is clicked on

2018-09-20 13:15:37 - [MESSAGE][PASSED] - Object: 'Object Repository/Page_Google/button_Search_Drop' is clicked on

2018-09-20 13:15:37 - [TEST_STEP][FAILED] - verifyElementText: Verify element text of test object 'Object Repository/Page_SearchResults/Result1' FAILED. (Root cause: com.kms.katalon.core.webui.exception.WebElementNotFoundException: Web element with id: 'Object Repository/Page_SearchResults/Result1' located by 'By.xpath: id("rso")/div[@class="bkWMgd"]/div[@class="g"]/div[1]/div[@class="rc"]/h3[@class="r"]/a[1]' not found)

2018-09-20 13:16:12 - [MESSAGE][FAILED] - com.kms.katalon.core.webui.exception.WebElementNotFoundException: Web element with id: 'Object Repository/Page_SearchResults/Result1' located by 'By.xpath: id("rso")/div[@class="bkWMgd"]/div[@class="g"]/div[1]/div[@class="rc"]/h3[@class="r"]/a[1]' not found
[[ATTACHMENT|C:\\Users\\stagiaire\\git\\Katalon-googleTest\\Reports\\Suite_catch\\20180920_131518\\1537442171782.png]]

2018-09-20 13:16:12 - [MESSAGE][FAILED] - Verify element text of test object 'Object Repository/Page_SearchResults/Result1' FAILED. (Root cause: com.kms.katalon.core.webui.exception.WebElementNotFoundException: Web element with id: 'Object Repository/Page_SearchResults/Result1' located by 'By.xpath: id("rso")/div[@class="bkWMgd"]/div[@class="g"]/div[1]/div[@class="rc"]/h3[@class="r"]/a[1]' not found)
[[ATTACHMENT|C:\\Users\\stagiaire\\git\\Katalon-googleTest\\Reports\\Suite_catch\\20180920_131518\\1537442172204.png]]]]></system-out>
         <system-err><![CDATA[2018-09-20 13:15:32 - [TEST_CASE][FAILED] - Test Cases/testGoogle-catchexception: Test Cases/testGoogle-catchexception FAILED because (of) (Stack trace: com.kms.katalon.core.exception.StepFailedException: Verify element text of test object 'Object Repository/Page_SearchResults/Result1' FAILED. (Root cause: com.kms.katalon.core.webui.exception.WebElementNotFoundException: Web element with id: 'Object Repository/Page_SearchResults/Result1' located by 'By.xpath: id("rso")/div[@class="bkWMgd"]/div[@class="g"]/div[1]/div[@class="rc"]/h3[@class="r"]/a[1]' not found)
	at com.kms.katalon.core.keyword.internal.KeywordMain.stepFailed(KeywordMain.groovy:36)
	at com.kms.katalon.core.webui.keyword.internal.WebUIKeywordMain.stepFailed(WebUIKeywordMain.groovy:65)
	at com.kms.katalon.core.webui.keyword.internal.WebUIKeywordMain.runKeyword(WebUIKeywordMain.groovy:27)
	at com.kms.katalon.core.webui.keyword.builtin.VerifyElementTextKeyword.verifyElementText(VerifyElementTextKeyword.groovy:72)
	at com.kms.katalon.core.webui.keyword.builtin.VerifyElementTextKeyword.execute(VerifyElementTextKeyword.groovy:40)
	at com.kms.katalon.core.keyword.internal.KeywordExecutor.executeKeywordForPlatform(KeywordExecutor.groovy:53)
	at com.kms.katalon.core.webui.keyword.WebUiBuiltInKeywords.verifyElementText(WebUiBuiltInKeywords.groovy:3663)
	at com.kms.katalon.core.webui.keyword.WebUiBuiltInKeywords$verifyElementText$3.call(Unknown Source)
	at Script1537441403346.run(Script1537441403346.groovy:34)
	at com.kms.katalon.core.main.ScriptEngine.run(ScriptEngine.java:183)
	at com.kms.katalon.core.main.ScriptEngine.runScriptAsRawText(ScriptEngine.java:108)
	at com.kms.katalon.core.main.TestCaseExecutor.runScript(TestCaseExecutor.java:294)
	at com.kms.katalon.core.main.TestCaseExecutor.doExecute(TestCaseExecutor.java:285)
	at com.kms.katalon.core.main.TestCaseExecutor.processExecutionPhase(TestCaseExecutor.java:264)
	at com.kms.katalon.core.main.TestCaseExecutor.accessMainPhase(TestCaseExecutor.java:256)
	at com.kms.katalon.core.main.TestCaseExecutor.execute(TestCaseExecutor.java:200)
	at com.kms.katalon.core.main.TestSuiteExecutor.accessTestCaseMainPhase(TestSuiteExecutor.java:129)
	at com.kms.katalon.core.main.TestSuiteExecutor.accessTestSuiteMainPhase(TestSuiteExecutor.java:112)
	at com.kms.katalon.core.main.TestSuiteExecutor.execute(TestSuiteExecutor.java:81)
	at com.kms.katalon.core.main.TestCaseMain.startTestSuite(TestCaseMain.java:142)
	at com.kms.katalon.core.main.TestCaseMain$startTestSuite$0.call(Unknown Source)
	at org.codehaus.groovy.runtime.callsite.CallSiteArray.defaultCall(CallSiteArray.java:48)
	at org.codehaus.groovy.runtime.callsite.AbstractCallSite.call(AbstractCallSite.java:113)
	at org.codehaus.groovy.runtime.callsite.AbstractCallSite.call(AbstractCallSite.java:141)
	at TempTestSuite1537442123117.run(TempTestSuite1537442123117.groovy:36)
	at groovy.lang.GroovyShell.runScriptOrMainOrTestOrRunnable(GroovyShell.java:263)
	at groovy.lang.GroovyShell.run(GroovyShell.java:518)
	at groovy.lang.GroovyShell.run(GroovyShell.java:507)
	at groovy.ui.GroovyMain.processOnce(GroovyMain.java:653)
	at groovy.ui.GroovyMain.run(GroovyMain.java:384)
	at groovy.ui.GroovyMain.process(GroovyMain.java:370)
	at groovy.ui.GroovyMain.processArgs(GroovyMain.java:129)
	at groovy.ui.GroovyMain.main(GroovyMain.java:109)
	at sun.reflect.NativeMethodAccessorImpl.invoke0(Native Method)
	at sun.reflect.NativeMethodAccessorImpl.invoke(NativeMethodAccessorImpl.java:62)
	at sun.reflect.DelegatingMethodAccessorImpl.invoke(DelegatingMethodAccessorImpl.java:43)
	at java.lang.reflect.Method.invoke(Method.java:498)
	at org.codehaus.groovy.tools.GroovyStarter.rootLoader(GroovyStarter.java:109)
	at org.codehaus.groovy.tools.GroovyStarter.main(GroovyStarter.java:131)
)]]></system-err>
      </testcase>
      <testcase name="Test Cases/testGoogle-catchexception" classname="Test Cases/testGoogle-catchexception" status="PASSED">
         <system-out><![CDATA[2018-09-20 13:16:12 - [TEST_CASE][PASSED] - Test Cases/testGoogle-catchexception: Test Cases/testGoogle-catchexception

2018-09-20 13:16:12 - [TEST_STEP][PASSED] - openBrowser: Browser is opened with url: ''

2018-09-20 13:16:12 - [MESSAGE][WARNING] - A browser is already opened. Closing browser and opening a new one

2018-09-20 13:16:15 - [MESSAGE][PASSED] - Browser is opened with url: ''

2018-09-20 13:16:15 - [TEST_STEP][PASSED] - navigateToUrl: Navigate to 'https://www.google.fr/' successfully

2018-09-20 13:16:16 - [MESSAGE][PASSED] - Navigate to 'https://www.google.fr/' successfully

2018-09-20 13:16:16 - [TEST_STEP][PASSED] - setText: Text 'France' is set on object 'Object Repository/Page_Google/input_TextSearch'

2018-09-20 13:16:16 - [MESSAGE][PASSED] - Text 'France' is set on object 'Object Repository/Page_Google/input_TextSearch'

2018-09-20 13:16:16 - [TEST_STEP][PASSED] - Statement - Try: Object: 'Object Repository/Page_Google/button_Search_Drop' is clicked on

2018-09-20 13:16:16 - [TEST_STEP][PASSED] - click: Object: 'Object Repository/Page_Google/button_Search_Drop' is clicked on

2018-09-20 13:16:18 - [MESSAGE][PASSED] - Object: 'Object Repository/Page_Google/button_Search_Drop' is clicked on

2018-09-20 13:16:18 - [TEST_STEP][PASSED] - verifyElementText: Actual text and expected text of test object 'Object Repository/Page_SearchResults/Result1' are matched.

2018-09-20 13:16:18 - [MESSAGE][PASSED] - Actual text and expected text of test object 'Object Repository/Page_SearchResults/Result1' are matched.

2018-09-20 13:16:18 - [TEST_STEP][PASSED] - closeBrowser: Browser is closed

2018-09-20 13:16:19 - [MESSAGE][PASSED] - Browser is closed]]></system-out>
         <system-err><![CDATA[]]></system-err>
      </testcase>
      <testcase name="Test Cases/testGoogle-catchexception" classname="Test Cases/testGoogle-catchexception" status="PASSED">
         <system-out><![CDATA[2018-09-20 13:16:19 - [TEST_CASE][PASSED] - Test Cases/testGoogle-catchexception: Test Cases/testGoogle-catchexception

2018-09-20 13:16:19 - [TEST_STEP][PASSED] - openBrowser: Browser is opened with url: ''

2018-09-20 13:16:21 - [MESSAGE][PASSED] - Browser is opened with url: ''

2018-09-20 13:16:21 - [TEST_STEP][PASSED] - navigateToUrl: Navigate to 'https://www.google.fr/' successfully

2018-09-20 13:16:22 - [MESSAGE][PASSED] - Navigate to 'https://www.google.fr/' successfully

2018-09-20 13:16:22 - [TEST_STEP][PASSED] - setText: Text 'France' is set on object 'Object Repository/Page_Google/input_TextSearch'

2018-09-20 13:16:22 - [MESSAGE][PASSED] - Text 'France' is set on object 'Object Repository/Page_Google/input_TextSearch'

2018-09-20 13:16:22 - [TEST_STEP][PASSED] - Statement - Try: Object: 'Object Repository/Page_Google/button_Search_Drop' is clicked on

2018-09-20 13:16:22 - [TEST_STEP][PASSED] - click: Object: 'Object Repository/Page_Google/button_Search_Drop' is clicked on

2018-09-20 13:16:24 - [MESSAGE][PASSED] - Object: 'Object Repository/Page_Google/button_Search_Drop' is clicked on

2018-09-20 13:16:24 - [TEST_STEP][PASSED] - verifyElementText: Actual text and expected text of test object 'Object Repository/Page_SearchResults/Result1' are matched.

2018-09-20 13:16:24 - [MESSAGE][PASSED] - Actual text and expected text of test object 'Object Repository/Page_SearchResults/Result1' are matched.

2018-09-20 13:16:24 - [TEST_STEP][PASSED] - closeBrowser: Browser is closed

2018-09-20 13:16:25 - [MESSAGE][PASSED] - Browser is closed]]></system-out>
         <system-err><![CDATA[]]></system-err>
      </testcase>
      <testcase name="Test Cases/testGoogle-catchexception" classname="Test Cases/testGoogle-catchexception" status="PASSED">
         <system-out><![CDATA[2018-09-20 13:16:25 - [TEST_CASE][PASSED] - Test Cases/testGoogle-catchexception: Test Cases/testGoogle-catchexception

2018-09-20 13:16:25 - [TEST_STEP][PASSED] - openBrowser: Browser is opened with url: ''

2018-09-20 13:16:27 - [MESSAGE][PASSED] - Browser is opened with url: ''

2018-09-20 13:16:27 - [TEST_STEP][PASSED] - navigateToUrl: Navigate to 'https://www.google.fr/' successfully

2018-09-20 13:16:28 - [MESSAGE][PASSED] - Navigate to 'https://www.google.fr/' successfully

2018-09-20 13:16:28 - [TEST_STEP][PASSED] - setText: Text 'France' is set on object 'Object Repository/Page_Google/input_TextSearch'

2018-09-20 13:16:28 - [MESSAGE][PASSED] - Text 'France' is set on object 'Object Repository/Page_Google/input_TextSearch'

2018-09-20 13:16:28 - [TEST_STEP][PASSED] - Statement - Try: Object: 'Object Repository/Page_Google/button_Search_Drop' is clicked on

2018-09-20 13:16:28 - [TEST_STEP][PASSED] - click: Object: 'Object Repository/Page_Google/button_Search_Drop' is clicked on

2018-09-20 13:16:30 - [MESSAGE][PASSED] - Object: 'Object Repository/Page_Google/button_Search_Drop' is clicked on

2018-09-20 13:16:30 - [TEST_STEP][PASSED] - verifyElementText: Actual text and expected text of test object 'Object Repository/Page_SearchResults/Result1' are matched.

2018-09-20 13:16:30 - [MESSAGE][PASSED] - Actual text and expected text of test object 'Object Repository/Page_SearchResults/Result1' are matched.

2018-09-20 13:16:30 - [TEST_STEP][PASSED] - closeBrowser: Browser is closed

2018-09-20 13:16:31 - [MESSAGE][PASSED] - Browser is closed]]></system-out>
         <system-err><![CDATA[]]></system-err>
      </testcase>
      <system-out><![CDATA[2018-09-20 13:15:24 - [TEST_SUITE][FAILED] - Suite_catch: Test Cases/testGoogle-catchexception FAILED because (of) (Stack trace: com.kms.katalon.core.exception.StepFailedException: Verify element text of test object 'Object Repository/Page_SearchResults/Result1' FAILED. (Root cause: com.kms.katalon.core.webui.exception.WebElementNotFoundException: Web element with id: 'Object Repository/Page_SearchResults/Result1' located by 'By.xpath: id("rso")/div[@class="bkWMgd"]/div[@class="g"]/div[1]/div[@class="rc"]/h3[@class="r"]/a[1]' not found)
	at com.kms.katalon.core.keyword.internal.KeywordMain.stepFailed(KeywordMain.groovy:36)
	at com.kms.katalon.core.webui.keyword.internal.WebUIKeywordMain.stepFailed(WebUIKeywordMain.groovy:65)
	at com.kms.katalon.core.webui.keyword.internal.WebUIKeywordMain.runKeyword(WebUIKeywordMain.groovy:27)
	at com.kms.katalon.core.webui.keyword.builtin.VerifyElementTextKeyword.verifyElementText(VerifyElementTextKeyword.groovy:72)
	at com.kms.katalon.core.webui.keyword.builtin.VerifyElementTextKeyword.execute(VerifyElementTextKeyword.groovy:40)
	at com.kms.katalon.core.keyword.internal.KeywordExecutor.executeKeywordForPlatform(KeywordExecutor.groovy:53)
	at com.kms.katalon.core.webui.keyword.WebUiBuiltInKeywords.verifyElementText(WebUiBuiltInKeywords.groovy:3663)
	at com.kms.katalon.core.webui.keyword.WebUiBuiltInKeywords$verifyElementText$3.call(Unknown Source)
	at Script1537441403346.run(Script1537441403346.groovy:34)
	at com.kms.katalon.core.main.ScriptEngine.run(ScriptEngine.java:183)
	at com.kms.katalon.core.main.ScriptEngine.runScriptAsRawText(ScriptEngine.java:108)
	at com.kms.katalon.core.main.TestCaseExecutor.runScript(TestCaseExecutor.java:294)
	at com.kms.katalon.core.main.TestCaseExecutor.doExecute(TestCaseExecutor.java:285)
	at com.kms.katalon.core.main.TestCaseExecutor.processExecutionPhase(TestCaseExecutor.java:264)
	at com.kms.katalon.core.main.TestCaseExecutor.accessMainPhase(TestCaseExecutor.java:256)
	at com.kms.katalon.core.main.TestCaseExecutor.execute(TestCaseExecutor.java:200)
	at com.kms.katalon.core.main.TestSuiteExecutor.accessTestCaseMainPhase(TestSuiteExecutor.java:129)
	at com.kms.katalon.core.main.TestSuiteExecutor.accessTestSuiteMainPhase(TestSuiteExecutor.java:112)
	at com.kms.katalon.core.main.TestSuiteExecutor.execute(TestSuiteExecutor.java:81)
	at com.kms.katalon.core.main.TestCaseMain.startTestSuite(TestCaseMain.java:142)
	at com.kms.katalon.core.main.TestCaseMain$startTestSuite$0.call(Unknown Source)
	at org.codehaus.groovy.runtime.callsite.CallSiteArray.defaultCall(CallSiteArray.java:48)
	at org.codehaus.groovy.runtime.callsite.AbstractCallSite.call(AbstractCallSite.java:113)
	at org.codehaus.groovy.runtime.callsite.AbstractCallSite.call(AbstractCallSite.java:141)
	at TempTestSuite1537442123117.run(TempTestSuite1537442123117.groovy:36)
	at groovy.lang.GroovyShell.runScriptOrMainOrTestOrRunnable(GroovyShell.java:263)
	at groovy.lang.GroovyShell.run(GroovyShell.java:518)
	at groovy.lang.GroovyShell.run(GroovyShell.java:507)
	at groovy.ui.GroovyMain.processOnce(GroovyMain.java:653)
	at groovy.ui.GroovyMain.run(GroovyMain.java:384)
	at groovy.ui.GroovyMain.process(GroovyMain.java:370)
	at groovy.ui.GroovyMain.processArgs(GroovyMain.java:129)
	at groovy.ui.GroovyMain.main(GroovyMain.java:109)
	at sun.reflect.NativeMethodAccessorImpl.invoke0(Native Method)
	at sun.reflect.NativeMethodAccessorImpl.invoke(NativeMethodAccessorImpl.java:62)
	at sun.reflect.DelegatingMethodAccessorImpl.invoke(DelegatingMethodAccessorImpl.java:43)
	at java.lang.reflect.Method.invoke(Method.java:498)
	at org.codehaus.groovy.tools.GroovyStarter.rootLoader(GroovyStarter.java:109)
	at org.codehaus.groovy.tools.GroovyStarter.main(GroovyStarter.java:131)
)]]></system-out>
      <system-err><![CDATA[2018-09-20 13:15:24 - [TEST_SUITE][FAILED] - Suite_catch: Test Cases/testGoogle-catchexception FAILED because (of) (Stack trace: com.kms.katalon.core.exception.StepFailedException: Verify element text of test object 'Object Repository/Page_SearchResults/Result1' FAILED. (Root cause: com.kms.katalon.core.webui.exception.WebElementNotFoundException: Web element with id: 'Object Repository/Page_SearchResults/Result1' located by 'By.xpath: id("rso")/div[@class="bkWMgd"]/div[@class="g"]/div[1]/div[@class="rc"]/h3[@class="r"]/a[1]' not found)
	at com.kms.katalon.core.keyword.internal.KeywordMain.stepFailed(KeywordMain.groovy:36)
	at com.kms.katalon.core.webui.keyword.internal.WebUIKeywordMain.stepFailed(WebUIKeywordMain.groovy:65)
	at com.kms.katalon.core.webui.keyword.internal.WebUIKeywordMain.runKeyword(WebUIKeywordMain.groovy:27)
	at com.kms.katalon.core.webui.keyword.builtin.VerifyElementTextKeyword.verifyElementText(VerifyElementTextKeyword.groovy:72)
	at com.kms.katalon.core.webui.keyword.builtin.VerifyElementTextKeyword.execute(VerifyElementTextKeyword.groovy:40)
	at com.kms.katalon.core.keyword.internal.KeywordExecutor.executeKeywordForPlatform(KeywordExecutor.groovy:53)
	at com.kms.katalon.core.webui.keyword.WebUiBuiltInKeywords.verifyElementText(WebUiBuiltInKeywords.groovy:3663)
	at com.kms.katalon.core.webui.keyword.WebUiBuiltInKeywords$verifyElementText$3.call(Unknown Source)
	at Script1537441403346.run(Script1537441403346.groovy:34)
	at com.kms.katalon.core.main.ScriptEngine.run(ScriptEngine.java:183)
	at com.kms.katalon.core.main.ScriptEngine.runScriptAsRawText(ScriptEngine.java:108)
	at com.kms.katalon.core.main.TestCaseExecutor.runScript(TestCaseExecutor.java:294)
	at com.kms.katalon.core.main.TestCaseExecutor.doExecute(TestCaseExecutor.java:285)
	at com.kms.katalon.core.main.TestCaseExecutor.processExecutionPhase(TestCaseExecutor.java:264)
	at com.kms.katalon.core.main.TestCaseExecutor.accessMainPhase(TestCaseExecutor.java:256)
	at com.kms.katalon.core.main.TestCaseExecutor.execute(TestCaseExecutor.java:200)
	at com.kms.katalon.core.main.TestSuiteExecutor.accessTestCaseMainPhase(TestSuiteExecutor.java:129)
	at com.kms.katalon.core.main.TestSuiteExecutor.accessTestSuiteMainPhase(TestSuiteExecutor.java:112)
	at com.kms.katalon.core.main.TestSuiteExecutor.execute(TestSuiteExecutor.java:81)
	at com.kms.katalon.core.main.TestCaseMain.startTestSuite(TestCaseMain.java:142)
	at com.kms.katalon.core.main.TestCaseMain$startTestSuite$0.call(Unknown Source)
	at org.codehaus.groovy.runtime.callsite.CallSiteArray.defaultCall(CallSiteArray.java:48)
	at org.codehaus.groovy.runtime.callsite.AbstractCallSite.call(AbstractCallSite.java:113)
	at org.codehaus.groovy.runtime.callsite.AbstractCallSite.call(AbstractCallSite.java:141)
	at TempTestSuite1537442123117.run(TempTestSuite1537442123117.groovy:36)
	at groovy.lang.GroovyShell.runScriptOrMainOrTestOrRunnable(GroovyShell.java:263)
	at groovy.lang.GroovyShell.run(GroovyShell.java:518)
	at groovy.lang.GroovyShell.run(GroovyShell.java:507)
	at groovy.ui.GroovyMain.processOnce(GroovyMain.java:653)
	at groovy.ui.GroovyMain.run(GroovyMain.java:384)
	at groovy.ui.GroovyMain.process(GroovyMain.java:370)
	at groovy.ui.GroovyMain.processArgs(GroovyMain.java:129)
	at groovy.ui.GroovyMain.main(GroovyMain.java:109)
	at sun.reflect.NativeMethodAccessorImpl.invoke0(Native Method)
	at sun.reflect.NativeMethodAccessorImpl.invoke(NativeMethodAccessorImpl.java:62)
	at sun.reflect.DelegatingMethodAccessorImpl.invoke(DelegatingMethodAccessorImpl.java:43)
	at java.lang.reflect.Method.invoke(Method.java:498)
	at org.codehaus.groovy.tools.GroovyStarter.rootLoader(GroovyStarter.java:109)
	at org.codehaus.groovy.tools.GroovyStarter.main(GroovyStarter.java:131)
)]]></system-err>
   </testsuite>
</testsuites>
